
**** Build of configuration Debug for project template ****

make all 
Building file: ../startup_src/startup_stm32f10x_md_vl.S
Invoking: GCC Assembler
arm-none-eabi-as -mthumb -mcpu=cortex-m3 -o"startup_src/startup_stm32f10x_md_vl.o" "../startup_src/startup_stm32f10x_md_vl.S"
Finished building: ../startup_src/startup_stm32f10x_md_vl.S
 
Building file: ../src/STM32vldiscovery.c
Invoking: Cross GCC Compiler
arm-none-eabi-gcc -DSTM32F10X_MD_VL -DUSE_STDPERIPH_DRIVER -DUSE_STM32_DISCOVERY -I"D:\Projects\stm32-discovery-projects\workspace\template\src" -I"D:\Projects\stm32-discovery-projects\STM32F10x_StdPeriph_Lib_V3.5.0\Libraries\CMSIS\CM3\CoreSupport" -I"D:\Projects\stm32-discovery-projects\STM32F10x_StdPeriph_Lib_V3.5.0\Libraries\CMSIS\CM3\DeviceSupport\ST\STM32F10x" -I"D:\Projects\stm32-discovery-projects\STM32F10x_StdPeriph_Lib_V3.5.0\Libraries\STM32F10x_StdPeriph_Driver\inc" -O0 -g3 -Wall -c -mthumb -mcpu=cortex-m3 -mfix-cortex-m3-ldrd -MMD -MP -MF"src/STM32vldiscovery.d" -MT"src/STM32vldiscovery.d" -o"src/STM32vldiscovery.o" "../src/STM32vldiscovery.c"
Finished building: ../src/STM32vldiscovery.c
 
Building file: ../src/main.c
Invoking: Cross GCC Compiler
arm-none-eabi-gcc -DSTM32F10X_MD_VL -DUSE_STDPERIPH_DRIVER -DUSE_STM32_DISCOVERY -I"D:\Projects\stm32-discovery-projects\workspace\template\src" -I"D:\Projects\stm32-discovery-projects\STM32F10x_StdPeriph_Lib_V3.5.0\Libraries\CMSIS\CM3\CoreSupport" -I"D:\Projects\stm32-discovery-projects\STM32F10x_StdPeriph_Lib_V3.5.0\Libraries\CMSIS\CM3\DeviceSupport\ST\STM32F10x" -I"D:\Projects\stm32-discovery-projects\STM32F10x_StdPeriph_Lib_V3.5.0\Libraries\STM32F10x_StdPeriph_Driver\inc" -O0 -g3 -Wall -c -mthumb -mcpu=cortex-m3 -mfix-cortex-m3-ldrd -MMD -MP -MF"src/main.d" -MT"src/main.d" -o"src/main.o" "../src/main.c"
Finished building: ../src/main.c
 
Building file: ../src/stm32f10x_it.c
Invoking: Cross GCC Compiler
arm-none-eabi-gcc -DSTM32F10X_MD_VL -DUSE_STDPERIPH_DRIVER -DUSE_STM32_DISCOVERY -I"D:\Projects\stm32-discovery-projects\workspace\template\src" -I"D:\Projects\stm32-discovery-projects\STM32F10x_StdPeriph_Lib_V3.5.0\Libraries\CMSIS\CM3\CoreSupport" -I"D:\Projects\stm32-discovery-projects\STM32F10x_StdPeriph_Lib_V3.5.0\Libraries\CMSIS\CM3\DeviceSupport\ST\STM32F10x" -I"D:\Projects\stm32-discovery-projects\STM32F10x_StdPeriph_Lib_V3.5.0\Libraries\STM32F10x_StdPeriph_Driver\inc" -O0 -g3 -Wall -c -mthumb -mcpu=cortex-m3 -mfix-cortex-m3-ldrd -MMD -MP -MF"src/stm32f10x_it.d" -MT"src/stm32f10x_it.d" -o"src/stm32f10x_it.o" "../src/stm32f10x_it.c"
Finished building: ../src/stm32f10x_it.c
 
Building file: D:/Projects/stm32-discovery-projects/STM32F10x_StdPeriph_Lib_V3.5.0/Libraries/STM32F10x_StdPeriph_Driver/src/misc.c
Invoking: Cross GCC Compiler
arm-none-eabi-gcc -DSTM32F10X_MD_VL -DUSE_STDPERIPH_DRIVER -DUSE_STM32_DISCOVERY -I"D:\Projects\stm32-discovery-projects\workspace\template\src" -I"D:\Projects\stm32-discovery-projects\STM32F10x_StdPeriph_Lib_V3.5.0\Libraries\CMSIS\CM3\CoreSupport" -I"D:\Projects\stm32-discovery-projects\STM32F10x_StdPeriph_Lib_V3.5.0\Libraries\CMSIS\CM3\DeviceSupport\ST\STM32F10x" -I"D:\Projects\stm32-discovery-projects\STM32F10x_StdPeriph_Lib_V3.5.0\Libraries\STM32F10x_StdPeriph_Driver\inc" -O0 -g3 -Wall -c -mthumb -mcpu=cortex-m3 -mfix-cortex-m3-ldrd -MMD -MP -MF"STM32F10x_StdPeriph_Driver/misc.d" -MT"STM32F10x_StdPeriph_Driver/misc.d" -o"STM32F10x_StdPeriph_Driver/misc.o" "D:/Projects/stm32-discovery-projects/STM32F10x_StdPeriph_Lib_V3.5.0/Libraries/STM32F10x_StdPeriph_Driver/src/misc.c"
Finished building: D:/Projects/stm32-discovery-projects/STM32F10x_StdPeriph_Lib_V3.5.0/Libraries/STM32F10x_StdPeriph_Driver/src/misc.c
 
Building file: D:/Projects/stm32-discovery-projects/STM32F10x_StdPeriph_Lib_V3.5.0/Libraries/STM32F10x_StdPeriph_Driver/src/stm32f10x_adc.c
Invoking: Cross GCC Compiler
arm-none-eabi-gcc -DSTM32F10X_MD_VL -DUSE_STDPERIPH_DRIVER -DUSE_STM32_DISCOVERY -I"D:\Projects\stm32-discovery-projects\workspace\template\src" -I"D:\Projects\stm32-discovery-projects\STM32F10x_StdPeriph_Lib_V3.5.0\Libraries\CMSIS\CM3\CoreSupport" -I"D:\Projects\stm32-discovery-projects\STM32F10x_StdPeriph_Lib_V3.5.0\Libraries\CMSIS\CM3\DeviceSupport\ST\STM32F10x" -I"D:\Projects\stm32-discovery-projects\STM32F10x_StdPeriph_Lib_V3.5.0\Libraries\STM32F10x_StdPeriph_Driver\inc" -O0 -g3 -Wall -c -mthumb -mcpu=cortex-m3 -mfix-cortex-m3-ldrd -MMD -MP -MF"STM32F10x_StdPeriph_Driver/stm32f10x_adc.d" -MT"STM32F10x_StdPeriph_Driver/stm32f10x_adc.d" -o"STM32F10x_StdPeriph_Driver/stm32f10x_adc.o" "D:/Projects/stm32-discovery-projects/STM32F10x_StdPeriph_Lib_V3.5.0/Libraries/STM32F10x_StdPeriph_Driver/src/stm32f10x_adc.c"
Finished building: D:/Projects/stm32-discovery-projects/STM32F10x_StdPeriph_Lib_V3.5.0/Libraries/STM32F10x_StdPeriph_Driver/src/stm32f10x_adc.c
 
Building file: D:/Projects/stm32-discovery-projects/STM32F10x_StdPeriph_Lib_V3.5.0/Libraries/STM32F10x_StdPeriph_Driver/src/stm32f10x_bkp.c
Invoking: Cross GCC Compiler
arm-none-eabi-gcc -DSTM32F10X_MD_VL -DUSE_STDPERIPH_DRIVER -DUSE_STM32_DISCOVERY -I"D:\Projects\stm32-discovery-projects\workspace\template\src" -I"D:\Projects\stm32-discovery-projects\STM32F10x_StdPeriph_Lib_V3.5.0\Libraries\CMSIS\CM3\CoreSupport" -I"D:\Projects\stm32-discovery-projects\STM32F10x_StdPeriph_Lib_V3.5.0\Libraries\CMSIS\CM3\DeviceSupport\ST\STM32F10x" -I"D:\Projects\stm32-discovery-projects\STM32F10x_StdPeriph_Lib_V3.5.0\Libraries\STM32F10x_StdPeriph_Driver\inc" -O0 -g3 -Wall -c -mthumb -mcpu=cortex-m3 -mfix-cortex-m3-ldrd -MMD -MP -MF"STM32F10x_StdPeriph_Driver/stm32f10x_bkp.d" -MT"STM32F10x_StdPeriph_Driver/stm32f10x_bkp.d" -o"STM32F10x_StdPeriph_Driver/stm32f10x_bkp.o" "D:/Projects/stm32-discovery-projects/STM32F10x_StdPeriph_Lib_V3.5.0/Libraries/STM32F10x_StdPeriph_Driver/src/stm32f10x_bkp.c"
Finished building: D:/Projects/stm32-discovery-projects/STM32F10x_StdPeriph_Lib_V3.5.0/Libraries/STM32F10x_StdPeriph_Driver/src/stm32f10x_bkp.c
 
Building file: D:/Projects/stm32-discovery-projects/STM32F10x_StdPeriph_Lib_V3.5.0/Libraries/STM32F10x_StdPeriph_Driver/src/stm32f10x_can.c
Invoking: Cross GCC Compiler
arm-none-eabi-gcc -DSTM32F10X_MD_VL -DUSE_STDPERIPH_DRIVER -DUSE_STM32_DISCOVERY -I"D:\Projects\stm32-discovery-projects\workspace\template\src" -I"D:\Projects\stm32-discovery-projects\STM32F10x_StdPeriph_Lib_V3.5.0\Libraries\CMSIS\CM3\CoreSupport" -I"D:\Projects\stm32-discovery-projects\STM32F10x_StdPeriph_Lib_V3.5.0\Libraries\CMSIS\CM3\DeviceSupport\ST\STM32F10x" -I"D:\Projects\stm32-discovery-projects\STM32F10x_StdPeriph_Lib_V3.5.0\Libraries\STM32F10x_StdPeriph_Driver\inc" -O0 -g3 -Wall -c -mthumb -mcpu=cortex-m3 -mfix-cortex-m3-ldrd -MMD -MP -MF"STM32F10x_StdPeriph_Driver/stm32f10x_can.d" -MT"STM32F10x_StdPeriph_Driver/stm32f10x_can.d" -o"STM32F10x_StdPeriph_Driver/stm32f10x_can.o" "D:/Projects/stm32-discovery-projects/STM32F10x_StdPeriph_Lib_V3.5.0/Libraries/STM32F10x_StdPeriph_Driver/src/stm32f10x_can.c"
Finished building: D:/Projects/stm32-discovery-projects/STM32F10x_StdPeriph_Lib_V3.5.0/Libraries/STM32F10x_StdPeriph_Driver/src/stm32f10x_can.c
 
Building file: D:/Projects/stm32-discovery-projects/STM32F10x_StdPeriph_Lib_V3.5.0/Libraries/STM32F10x_StdPeriph_Driver/src/stm32f10x_cec.c
Invoking: Cross GCC Compiler
arm-none-eabi-gcc -DSTM32F10X_MD_VL -DUSE_STDPERIPH_DRIVER -DUSE_STM32_DISCOVERY -I"D:\Projects\stm32-discovery-projects\workspace\template\src" -I"D:\Projects\stm32-discovery-projects\STM32F10x_StdPeriph_Lib_V3.5.0\Libraries\CMSIS\CM3\CoreSupport" -I"D:\Projects\stm32-discovery-projects\STM32F10x_StdPeriph_Lib_V3.5.0\Libraries\CMSIS\CM3\DeviceSupport\ST\STM32F10x" -I"D:\Projects\stm32-discovery-projects\STM32F10x_StdPeriph_Lib_V3.5.0\Libraries\STM32F10x_StdPeriph_Driver\inc" -O0 -g3 -Wall -c -mthumb -mcpu=cortex-m3 -mfix-cortex-m3-ldrd -MMD -MP -MF"STM32F10x_StdPeriph_Driver/stm32f10x_cec.d" -MT"STM32F10x_StdPeriph_Driver/stm32f10x_cec.d" -o"STM32F10x_StdPeriph_Driver/stm32f10x_cec.o" "D:/Projects/stm32-discovery-projects/STM32F10x_StdPeriph_Lib_V3.5.0/Libraries/STM32F10x_StdPeriph_Driver/src/stm32f10x_cec.c"
Finished building: D:/Projects/stm32-discovery-projects/STM32F10x_StdPeriph_Lib_V3.5.0/Libraries/STM32F10x_StdPeriph_Driver/src/stm32f10x_cec.c
 
Building file: D:/Projects/stm32-discovery-projects/STM32F10x_StdPeriph_Lib_V3.5.0/Libraries/STM32F10x_StdPeriph_Driver/src/stm32f10x_crc.c
Invoking: Cross GCC Compiler
arm-none-eabi-gcc -DSTM32F10X_MD_VL -DUSE_STDPERIPH_DRIVER -DUSE_STM32_DISCOVERY -I"D:\Projects\stm32-discovery-projects\workspace\template\src" -I"D:\Projects\stm32-discovery-projects\STM32F10x_StdPeriph_Lib_V3.5.0\Libraries\CMSIS\CM3\CoreSupport" -I"D:\Projects\stm32-discovery-projects\STM32F10x_StdPeriph_Lib_V3.5.0\Libraries\CMSIS\CM3\DeviceSupport\ST\STM32F10x" -I"D:\Projects\stm32-discovery-projects\STM32F10x_StdPeriph_Lib_V3.5.0\Libraries\STM32F10x_StdPeriph_Driver\inc" -O0 -g3 -Wall -c -mthumb -mcpu=cortex-m3 -mfix-cortex-m3-ldrd -MMD -MP -MF"STM32F10x_StdPeriph_Driver/stm32f10x_crc.d" -MT"STM32F10x_StdPeriph_Driver/stm32f10x_crc.d" -o"STM32F10x_StdPeriph_Driver/stm32f10x_crc.o" "D:/Projects/stm32-discovery-projects/STM32F10x_StdPeriph_Lib_V3.5.0/Libraries/STM32F10x_StdPeriph_Driver/src/stm32f10x_crc.c"
Finished building: D:/Projects/stm32-discovery-projects/STM32F10x_StdPeriph_Lib_V3.5.0/Libraries/STM32F10x_StdPeriph_Driver/src/stm32f10x_crc.c
 
Building file: D:/Projects/stm32-discovery-projects/STM32F10x_StdPeriph_Lib_V3.5.0/Libraries/STM32F10x_StdPeriph_Driver/src/stm32f10x_dac.c
Invoking: Cross GCC Compiler
arm-none-eabi-gcc -DSTM32F10X_MD_VL -DUSE_STDPERIPH_DRIVER -DUSE_STM32_DISCOVERY -I"D:\Projects\stm32-discovery-projects\workspace\template\src" -I"D:\Projects\stm32-discovery-projects\STM32F10x_StdPeriph_Lib_V3.5.0\Libraries\CMSIS\CM3\CoreSupport" -I"D:\Projects\stm32-discovery-projects\STM32F10x_StdPeriph_Lib_V3.5.0\Libraries\CMSIS\CM3\DeviceSupport\ST\STM32F10x" -I"D:\Projects\stm32-discovery-projects\STM32F10x_StdPeriph_Lib_V3.5.0\Libraries\STM32F10x_StdPeriph_Driver\inc" -O0 -g3 -Wall -c -mthumb -mcpu=cortex-m3 -mfix-cortex-m3-ldrd -MMD -MP -MF"STM32F10x_StdPeriph_Driver/stm32f10x_dac.d" -MT"STM32F10x_StdPeriph_Driver/stm32f10x_dac.d" -o"STM32F10x_StdPeriph_Driver/stm32f10x_dac.o" "D:/Projects/stm32-discovery-projects/STM32F10x_StdPeriph_Lib_V3.5.0/Libraries/STM32F10x_StdPeriph_Driver/src/stm32f10x_dac.c"
Finished building: D:/Projects/stm32-discovery-projects/STM32F10x_StdPeriph_Lib_V3.5.0/Libraries/STM32F10x_StdPeriph_Driver/src/stm32f10x_dac.c
 
Building file: D:/Projects/stm32-discovery-projects/STM32F10x_StdPeriph_Lib_V3.5.0/Libraries/STM32F10x_StdPeriph_Driver/src/stm32f10x_dbgmcu.c
Invoking: Cross GCC Compiler
arm-none-eabi-gcc -DSTM32F10X_MD_VL -DUSE_STDPERIPH_DRIVER -DUSE_STM32_DISCOVERY -I"D:\Projects\stm32-discovery-projects\workspace\template\src" -I"D:\Projects\stm32-discovery-projects\STM32F10x_StdPeriph_Lib_V3.5.0\Libraries\CMSIS\CM3\CoreSupport" -I"D:\Projects\stm32-discovery-projects\STM32F10x_StdPeriph_Lib_V3.5.0\Libraries\CMSIS\CM3\DeviceSupport\ST\STM32F10x" -I"D:\Projects\stm32-discovery-projects\STM32F10x_StdPeriph_Lib_V3.5.0\Libraries\STM32F10x_StdPeriph_Driver\inc" -O0 -g3 -Wall -c -mthumb -mcpu=cortex-m3 -mfix-cortex-m3-ldrd -MMD -MP -MF"STM32F10x_StdPeriph_Driver/stm32f10x_dbgmcu.d" -MT"STM32F10x_StdPeriph_Driver/stm32f10x_dbgmcu.d" -o"STM32F10x_StdPeriph_Driver/stm32f10x_dbgmcu.o" "D:/Projects/stm32-discovery-projects/STM32F10x_StdPeriph_Lib_V3.5.0/Libraries/STM32F10x_StdPeriph_Driver/src/stm32f10x_dbgmcu.c"
Finished building: D:/Projects/stm32-discovery-projects/STM32F10x_StdPeriph_Lib_V3.5.0/Libraries/STM32F10x_StdPeriph_Driver/src/stm32f10x_dbgmcu.c
 
Building file: D:/Projects/stm32-discovery-projects/STM32F10x_StdPeriph_Lib_V3.5.0/Libraries/STM32F10x_StdPeriph_Driver/src/stm32f10x_dma.c
Invoking: Cross GCC Compiler
arm-none-eabi-gcc -DSTM32F10X_MD_VL -DUSE_STDPERIPH_DRIVER -DUSE_STM32_DISCOVERY -I"D:\Projects\stm32-discovery-projects\workspace\template\src" -I"D:\Projects\stm32-discovery-projects\STM32F10x_StdPeriph_Lib_V3.5.0\Libraries\CMSIS\CM3\CoreSupport" -I"D:\Projects\stm32-discovery-projects\STM32F10x_StdPeriph_Lib_V3.5.0\Libraries\CMSIS\CM3\DeviceSupport\ST\STM32F10x" -I"D:\Projects\stm32-discovery-projects\STM32F10x_StdPeriph_Lib_V3.5.0\Libraries\STM32F10x_StdPeriph_Driver\inc" -O0 -g3 -Wall -c -mthumb -mcpu=cortex-m3 -mfix-cortex-m3-ldrd -MMD -MP -MF"STM32F10x_StdPeriph_Driver/stm32f10x_dma.d" -MT"STM32F10x_StdPeriph_Driver/stm32f10x_dma.d" -o"STM32F10x_StdPeriph_Driver/stm32f10x_dma.o" "D:/Projects/stm32-discovery-projects/STM32F10x_StdPeriph_Lib_V3.5.0/Libraries/STM32F10x_StdPeriph_Driver/src/stm32f10x_dma.c"
Finished building: D:/Projects/stm32-discovery-projects/STM32F10x_StdPeriph_Lib_V3.5.0/Libraries/STM32F10x_StdPeriph_Driver/src/stm32f10x_dma.c
 
Building file: D:/Projects/stm32-discovery-projects/STM32F10x_StdPeriph_Lib_V3.5.0/Libraries/STM32F10x_StdPeriph_Driver/src/stm32f10x_exti.c
Invoking: Cross GCC Compiler
arm-none-eabi-gcc -DSTM32F10X_MD_VL -DUSE_STDPERIPH_DRIVER -DUSE_STM32_DISCOVERY -I"D:\Projects\stm32-discovery-projects\workspace\template\src" -I"D:\Projects\stm32-discovery-projects\STM32F10x_StdPeriph_Lib_V3.5.0\Libraries\CMSIS\CM3\CoreSupport" -I"D:\Projects\stm32-discovery-projects\STM32F10x_StdPeriph_Lib_V3.5.0\Libraries\CMSIS\CM3\DeviceSupport\ST\STM32F10x" -I"D:\Projects\stm32-discovery-projects\STM32F10x_StdPeriph_Lib_V3.5.0\Libraries\STM32F10x_StdPeriph_Driver\inc" -O0 -g3 -Wall -c -mthumb -mcpu=cortex-m3 -mfix-cortex-m3-ldrd -MMD -MP -MF"STM32F10x_StdPeriph_Driver/stm32f10x_exti.d" -MT"STM32F10x_StdPeriph_Driver/stm32f10x_exti.d" -o"STM32F10x_StdPeriph_Driver/stm32f10x_exti.o" "D:/Projects/stm32-discovery-projects/STM32F10x_StdPeriph_Lib_V3.5.0/Libraries/STM32F10x_StdPeriph_Driver/src/stm32f10x_exti.c"
Finished building: D:/Projects/stm32-discovery-projects/STM32F10x_StdPeriph_Lib_V3.5.0/Libraries/STM32F10x_StdPeriph_Driver/src/stm32f10x_exti.c
 
Building file: D:/Projects/stm32-discovery-projects/STM32F10x_StdPeriph_Lib_V3.5.0/Libraries/STM32F10x_StdPeriph_Driver/src/stm32f10x_flash.c
Invoking: Cross GCC Compiler
arm-none-eabi-gcc -DSTM32F10X_MD_VL -DUSE_STDPERIPH_DRIVER -DUSE_STM32_DISCOVERY -I"D:\Projects\stm32-discovery-projects\workspace\template\src" -I"D:\Projects\stm32-discovery-projects\STM32F10x_StdPeriph_Lib_V3.5.0\Libraries\CMSIS\CM3\CoreSupport" -I"D:\Projects\stm32-discovery-projects\STM32F10x_StdPeriph_Lib_V3.5.0\Libraries\CMSIS\CM3\DeviceSupport\ST\STM32F10x" -I"D:\Projects\stm32-discovery-projects\STM32F10x_StdPeriph_Lib_V3.5.0\Libraries\STM32F10x_StdPeriph_Driver\inc" -O0 -g3 -Wall -c -mthumb -mcpu=cortex-m3 -mfix-cortex-m3-ldrd -MMD -MP -MF"STM32F10x_StdPeriph_Driver/stm32f10x_flash.d" -MT"STM32F10x_StdPeriph_Driver/stm32f10x_flash.d" -o"STM32F10x_StdPeriph_Driver/stm32f10x_flash.o" "D:/Projects/stm32-discovery-projects/STM32F10x_StdPeriph_Lib_V3.5.0/Libraries/STM32F10x_StdPeriph_Driver/src/stm32f10x_flash.c"
Finished building: D:/Projects/stm32-discovery-projects/STM32F10x_StdPeriph_Lib_V3.5.0/Libraries/STM32F10x_StdPeriph_Driver/src/stm32f10x_flash.c
 
Building file: D:/Projects/stm32-discovery-projects/STM32F10x_StdPeriph_Lib_V3.5.0/Libraries/STM32F10x_StdPeriph_Driver/src/stm32f10x_fsmc.c
Invoking: Cross GCC Compiler
arm-none-eabi-gcc -DSTM32F10X_MD_VL -DUSE_STDPERIPH_DRIVER -DUSE_STM32_DISCOVERY -I"D:\Projects\stm32-discovery-projects\workspace\template\src" -I"D:\Projects\stm32-discovery-projects\STM32F10x_StdPeriph_Lib_V3.5.0\Libraries\CMSIS\CM3\CoreSupport" -I"D:\Projects\stm32-discovery-projects\STM32F10x_StdPeriph_Lib_V3.5.0\Libraries\CMSIS\CM3\DeviceSupport\ST\STM32F10x" -I"D:\Projects\stm32-discovery-projects\STM32F10x_StdPeriph_Lib_V3.5.0\Libraries\STM32F10x_StdPeriph_Driver\inc" -O0 -g3 -Wall -c -mthumb -mcpu=cortex-m3 -mfix-cortex-m3-ldrd -MMD -MP -MF"STM32F10x_StdPeriph_Driver/stm32f10x_fsmc.d" -MT"STM32F10x_StdPeriph_Driver/stm32f10x_fsmc.d" -o"STM32F10x_StdPeriph_Driver/stm32f10x_fsmc.o" "D:/Projects/stm32-discovery-projects/STM32F10x_StdPeriph_Lib_V3.5.0/Libraries/STM32F10x_StdPeriph_Driver/src/stm32f10x_fsmc.c"
Finished building: D:/Projects/stm32-discovery-projects/STM32F10x_StdPeriph_Lib_V3.5.0/Libraries/STM32F10x_StdPeriph_Driver/src/stm32f10x_fsmc.c
 
Building file: D:/Projects/stm32-discovery-projects/STM32F10x_StdPeriph_Lib_V3.5.0/Libraries/STM32F10x_StdPeriph_Driver/src/stm32f10x_gpio.c
Invoking: Cross GCC Compiler
arm-none-eabi-gcc -DSTM32F10X_MD_VL -DUSE_STDPERIPH_DRIVER -DUSE_STM32_DISCOVERY -I"D:\Projects\stm32-discovery-projects\workspace\template\src" -I"D:\Projects\stm32-discovery-projects\STM32F10x_StdPeriph_Lib_V3.5.0\Libraries\CMSIS\CM3\CoreSupport" -I"D:\Projects\stm32-discovery-projects\STM32F10x_StdPeriph_Lib_V3.5.0\Libraries\CMSIS\CM3\DeviceSupport\ST\STM32F10x" -I"D:\Projects\stm32-discovery-projects\STM32F10x_StdPeriph_Lib_V3.5.0\Libraries\STM32F10x_StdPeriph_Driver\inc" -O0 -g3 -Wall -c -mthumb -mcpu=cortex-m3 -mfix-cortex-m3-ldrd -MMD -MP -MF"STM32F10x_StdPeriph_Driver/stm32f10x_gpio.d" -MT"STM32F10x_StdPeriph_Driver/stm32f10x_gpio.d" -o"STM32F10x_StdPeriph_Driver/stm32f10x_gpio.o" "D:/Projects/stm32-discovery-projects/STM32F10x_StdPeriph_Lib_V3.5.0/Libraries/STM32F10x_StdPeriph_Driver/src/stm32f10x_gpio.c"
Finished building: D:/Projects/stm32-discovery-projects/STM32F10x_StdPeriph_Lib_V3.5.0/Libraries/STM32F10x_StdPeriph_Driver/src/stm32f10x_gpio.c
 
Building file: D:/Projects/stm32-discovery-projects/STM32F10x_StdPeriph_Lib_V3.5.0/Libraries/STM32F10x_StdPeriph_Driver/src/stm32f10x_i2c.c
Invoking: Cross GCC Compiler
arm-none-eabi-gcc -DSTM32F10X_MD_VL -DUSE_STDPERIPH_DRIVER -DUSE_STM32_DISCOVERY -I"D:\Projects\stm32-discovery-projects\workspace\template\src" -I"D:\Projects\stm32-discovery-projects\STM32F10x_StdPeriph_Lib_V3.5.0\Libraries\CMSIS\CM3\CoreSupport" -I"D:\Projects\stm32-discovery-projects\STM32F10x_StdPeriph_Lib_V3.5.0\Libraries\CMSIS\CM3\DeviceSupport\ST\STM32F10x" -I"D:\Projects\stm32-discovery-projects\STM32F10x_StdPeriph_Lib_V3.5.0\Libraries\STM32F10x_StdPeriph_Driver\inc" -O0 -g3 -Wall -c -mthumb -mcpu=cortex-m3 -mfix-cortex-m3-ldrd -MMD -MP -MF"STM32F10x_StdPeriph_Driver/stm32f10x_i2c.d" -MT"STM32F10x_StdPeriph_Driver/stm32f10x_i2c.d" -o"STM32F10x_StdPeriph_Driver/stm32f10x_i2c.o" "D:/Projects/stm32-discovery-projects/STM32F10x_StdPeriph_Lib_V3.5.0/Libraries/STM32F10x_StdPeriph_Driver/src/stm32f10x_i2c.c"
Finished building: D:/Projects/stm32-discovery-projects/STM32F10x_StdPeriph_Lib_V3.5.0/Libraries/STM32F10x_StdPeriph_Driver/src/stm32f10x_i2c.c
 
Building file: D:/Projects/stm32-discovery-projects/STM32F10x_StdPeriph_Lib_V3.5.0/Libraries/STM32F10x_StdPeriph_Driver/src/stm32f10x_iwdg.c
Invoking: Cross GCC Compiler
arm-none-eabi-gcc -DSTM32F10X_MD_VL -DUSE_STDPERIPH_DRIVER -DUSE_STM32_DISCOVERY -I"D:\Projects\stm32-discovery-projects\workspace\template\src" -I"D:\Projects\stm32-discovery-projects\STM32F10x_StdPeriph_Lib_V3.5.0\Libraries\CMSIS\CM3\CoreSupport" -I"D:\Projects\stm32-discovery-projects\STM32F10x_StdPeriph_Lib_V3.5.0\Libraries\CMSIS\CM3\DeviceSupport\ST\STM32F10x" -I"D:\Projects\stm32-discovery-projects\STM32F10x_StdPeriph_Lib_V3.5.0\Libraries\STM32F10x_StdPeriph_Driver\inc" -O0 -g3 -Wall -c -mthumb -mcpu=cortex-m3 -mfix-cortex-m3-ldrd -MMD -MP -MF"STM32F10x_StdPeriph_Driver/stm32f10x_iwdg.d" -MT"STM32F10x_StdPeriph_Driver/stm32f10x_iwdg.d" -o"STM32F10x_StdPeriph_Driver/stm32f10x_iwdg.o" "D:/Projects/stm32-discovery-projects/STM32F10x_StdPeriph_Lib_V3.5.0/Libraries/STM32F10x_StdPeriph_Driver/src/stm32f10x_iwdg.c"
Finished building: D:/Projects/stm32-discovery-projects/STM32F10x_StdPeriph_Lib_V3.5.0/Libraries/STM32F10x_StdPeriph_Driver/src/stm32f10x_iwdg.c
 
Building file: D:/Projects/stm32-discovery-projects/STM32F10x_StdPeriph_Lib_V3.5.0/Libraries/STM32F10x_StdPeriph_Driver/src/stm32f10x_pwr.c
Invoking: Cross GCC Compiler
arm-none-eabi-gcc -DSTM32F10X_MD_VL -DUSE_STDPERIPH_DRIVER -DUSE_STM32_DISCOVERY -I"D:\Projects\stm32-discovery-projects\workspace\template\src" -I"D:\Projects\stm32-discovery-projects\STM32F10x_StdPeriph_Lib_V3.5.0\Libraries\CMSIS\CM3\CoreSupport" -I"D:\Projects\stm32-discovery-projects\STM32F10x_StdPeriph_Lib_V3.5.0\Libraries\CMSIS\CM3\DeviceSupport\ST\STM32F10x" -I"D:\Projects\stm32-discovery-projects\STM32F10x_StdPeriph_Lib_V3.5.0\Libraries\STM32F10x_StdPeriph_Driver\inc" -O0 -g3 -Wall -c -mthumb -mcpu=cortex-m3 -mfix-cortex-m3-ldrd -MMD -MP -MF"STM32F10x_StdPeriph_Driver/stm32f10x_pwr.d" -MT"STM32F10x_StdPeriph_Driver/stm32f10x_pwr.d" -o"STM32F10x_StdPeriph_Driver/stm32f10x_pwr.o" "D:/Projects/stm32-discovery-projects/STM32F10x_StdPeriph_Lib_V3.5.0/Libraries/STM32F10x_StdPeriph_Driver/src/stm32f10x_pwr.c"
Finished building: D:/Projects/stm32-discovery-projects/STM32F10x_StdPeriph_Lib_V3.5.0/Libraries/STM32F10x_StdPeriph_Driver/src/stm32f10x_pwr.c
 
Building file: D:/Projects/stm32-discovery-projects/STM32F10x_StdPeriph_Lib_V3.5.0/Libraries/STM32F10x_StdPeriph_Driver/src/stm32f10x_rcc.c
Invoking: Cross GCC Compiler
arm-none-eabi-gcc -DSTM32F10X_MD_VL -DUSE_STDPERIPH_DRIVER -DUSE_STM32_DISCOVERY -I"D:\Projects\stm32-discovery-projects\workspace\template\src" -I"D:\Projects\stm32-discovery-projects\STM32F10x_StdPeriph_Lib_V3.5.0\Libraries\CMSIS\CM3\CoreSupport" -I"D:\Projects\stm32-discovery-projects\STM32F10x_StdPeriph_Lib_V3.5.0\Libraries\CMSIS\CM3\DeviceSupport\ST\STM32F10x" -I"D:\Projects\stm32-discovery-projects\STM32F10x_StdPeriph_Lib_V3.5.0\Libraries\STM32F10x_StdPeriph_Driver\inc" -O0 -g3 -Wall -c -mthumb -mcpu=cortex-m3 -mfix-cortex-m3-ldrd -MMD -MP -MF"STM32F10x_StdPeriph_Driver/stm32f10x_rcc.d" -MT"STM32F10x_StdPeriph_Driver/stm32f10x_rcc.d" -o"STM32F10x_StdPeriph_Driver/stm32f10x_rcc.o" "D:/Projects/stm32-discovery-projects/STM32F10x_StdPeriph_Lib_V3.5.0/Libraries/STM32F10x_StdPeriph_Driver/src/stm32f10x_rcc.c"
Finished building: D:/Projects/stm32-discovery-projects/STM32F10x_StdPeriph_Lib_V3.5.0/Libraries/STM32F10x_StdPeriph_Driver/src/stm32f10x_rcc.c
 
Building file: D:/Projects/stm32-discovery-projects/STM32F10x_StdPeriph_Lib_V3.5.0/Libraries/STM32F10x_StdPeriph_Driver/src/stm32f10x_rtc.c
Invoking: Cross GCC Compiler
arm-none-eabi-gcc -DSTM32F10X_MD_VL -DUSE_STDPERIPH_DRIVER -DUSE_STM32_DISCOVERY -I"D:\Projects\stm32-discovery-projects\workspace\template\src" -I"D:\Projects\stm32-discovery-projects\STM32F10x_StdPeriph_Lib_V3.5.0\Libraries\CMSIS\CM3\CoreSupport" -I"D:\Projects\stm32-discovery-projects\STM32F10x_StdPeriph_Lib_V3.5.0\Libraries\CMSIS\CM3\DeviceSupport\ST\STM32F10x" -I"D:\Projects\stm32-discovery-projects\STM32F10x_StdPeriph_Lib_V3.5.0\Libraries\STM32F10x_StdPeriph_Driver\inc" -O0 -g3 -Wall -c -mthumb -mcpu=cortex-m3 -mfix-cortex-m3-ldrd -MMD -MP -MF"STM32F10x_StdPeriph_Driver/stm32f10x_rtc.d" -MT"STM32F10x_StdPeriph_Driver/stm32f10x_rtc.d" -o"STM32F10x_StdPeriph_Driver/stm32f10x_rtc.o" "D:/Projects/stm32-discovery-projects/STM32F10x_StdPeriph_Lib_V3.5.0/Libraries/STM32F10x_StdPeriph_Driver/src/stm32f10x_rtc.c"
Finished building: D:/Projects/stm32-discovery-projects/STM32F10x_StdPeriph_Lib_V3.5.0/Libraries/STM32F10x_StdPeriph_Driver/src/stm32f10x_rtc.c
 
Building file: D:/Projects/stm32-discovery-projects/STM32F10x_StdPeriph_Lib_V3.5.0/Libraries/STM32F10x_StdPeriph_Driver/src/stm32f10x_sdio.c
Invoking: Cross GCC Compiler
arm-none-eabi-gcc -DSTM32F10X_MD_VL -DUSE_STDPERIPH_DRIVER -DUSE_STM32_DISCOVERY -I"D:\Projects\stm32-discovery-projects\workspace\template\src" -I"D:\Projects\stm32-discovery-projects\STM32F10x_StdPeriph_Lib_V3.5.0\Libraries\CMSIS\CM3\CoreSupport" -I"D:\Projects\stm32-discovery-projects\STM32F10x_StdPeriph_Lib_V3.5.0\Libraries\CMSIS\CM3\DeviceSupport\ST\STM32F10x" -I"D:\Projects\stm32-discovery-projects\STM32F10x_StdPeriph_Lib_V3.5.0\Libraries\STM32F10x_StdPeriph_Driver\inc" -O0 -g3 -Wall -c -mthumb -mcpu=cortex-m3 -mfix-cortex-m3-ldrd -MMD -MP -MF"STM32F10x_StdPeriph_Driver/stm32f10x_sdio.d" -MT"STM32F10x_StdPeriph_Driver/stm32f10x_sdio.d" -o"STM32F10x_StdPeriph_Driver/stm32f10x_sdio.o" "D:/Projects/stm32-discovery-projects/STM32F10x_StdPeriph_Lib_V3.5.0/Libraries/STM32F10x_StdPeriph_Driver/src/stm32f10x_sdio.c"
Finished building: D:/Projects/stm32-discovery-projects/STM32F10x_StdPeriph_Lib_V3.5.0/Libraries/STM32F10x_StdPeriph_Driver/src/stm32f10x_sdio.c
 
Building file: D:/Projects/stm32-discovery-projects/STM32F10x_StdPeriph_Lib_V3.5.0/Libraries/STM32F10x_StdPeriph_Driver/src/stm32f10x_spi.c
Invoking: Cross GCC Compiler
arm-none-eabi-gcc -DSTM32F10X_MD_VL -DUSE_STDPERIPH_DRIVER -DUSE_STM32_DISCOVERY -I"D:\Projects\stm32-discovery-projects\workspace\template\src" -I"D:\Projects\stm32-discovery-projects\STM32F10x_StdPeriph_Lib_V3.5.0\Libraries\CMSIS\CM3\CoreSupport" -I"D:\Projects\stm32-discovery-projects\STM32F10x_StdPeriph_Lib_V3.5.0\Libraries\CMSIS\CM3\DeviceSupport\ST\STM32F10x" -I"D:\Projects\stm32-discovery-projects\STM32F10x_StdPeriph_Lib_V3.5.0\Libraries\STM32F10x_StdPeriph_Driver\inc" -O0 -g3 -Wall -c -mthumb -mcpu=cortex-m3 -mfix-cortex-m3-ldrd -MMD -MP -MF"STM32F10x_StdPeriph_Driver/stm32f10x_spi.d" -MT"STM32F10x_StdPeriph_Driver/stm32f10x_spi.d" -o"STM32F10x_StdPeriph_Driver/stm32f10x_spi.o" "D:/Projects/stm32-discovery-projects/STM32F10x_StdPeriph_Lib_V3.5.0/Libraries/STM32F10x_StdPeriph_Driver/src/stm32f10x_spi.c"
Finished building: D:/Projects/stm32-discovery-projects/STM32F10x_StdPeriph_Lib_V3.5.0/Libraries/STM32F10x_StdPeriph_Driver/src/stm32f10x_spi.c
 
Building file: D:/Projects/stm32-discovery-projects/STM32F10x_StdPeriph_Lib_V3.5.0/Libraries/STM32F10x_StdPeriph_Driver/src/stm32f10x_tim.c
Invoking: Cross GCC Compiler
arm-none-eabi-gcc -DSTM32F10X_MD_VL -DUSE_STDPERIPH_DRIVER -DUSE_STM32_DISCOVERY -I"D:\Projects\stm32-discovery-projects\workspace\template\src" -I"D:\Projects\stm32-discovery-projects\STM32F10x_StdPeriph_Lib_V3.5.0\Libraries\CMSIS\CM3\CoreSupport" -I"D:\Projects\stm32-discovery-projects\STM32F10x_StdPeriph_Lib_V3.5.0\Libraries\CMSIS\CM3\DeviceSupport\ST\STM32F10x" -I"D:\Projects\stm32-discovery-projects\STM32F10x_StdPeriph_Lib_V3.5.0\Libraries\STM32F10x_StdPeriph_Driver\inc" -O0 -g3 -Wall -c -mthumb -mcpu=cortex-m3 -mfix-cortex-m3-ldrd -MMD -MP -MF"STM32F10x_StdPeriph_Driver/stm32f10x_tim.d" -MT"STM32F10x_StdPeriph_Driver/stm32f10x_tim.d" -o"STM32F10x_StdPeriph_Driver/stm32f10x_tim.o" "D:/Projects/stm32-discovery-projects/STM32F10x_StdPeriph_Lib_V3.5.0/Libraries/STM32F10x_StdPeriph_Driver/src/stm32f10x_tim.c"
Finished building: D:/Projects/stm32-discovery-projects/STM32F10x_StdPeriph_Lib_V3.5.0/Libraries/STM32F10x_StdPeriph_Driver/src/stm32f10x_tim.c
 
Building file: D:/Projects/stm32-discovery-projects/STM32F10x_StdPeriph_Lib_V3.5.0/Libraries/STM32F10x_StdPeriph_Driver/src/stm32f10x_usart.c
Invoking: Cross GCC Compiler
arm-none-eabi-gcc -DSTM32F10X_MD_VL -DUSE_STDPERIPH_DRIVER -DUSE_STM32_DISCOVERY -I"D:\Projects\stm32-discovery-projects\workspace\template\src" -I"D:\Projects\stm32-discovery-projects\STM32F10x_StdPeriph_Lib_V3.5.0\Libraries\CMSIS\CM3\CoreSupport" -I"D:\Projects\stm32-discovery-projects\STM32F10x_StdPeriph_Lib_V3.5.0\Libraries\CMSIS\CM3\DeviceSupport\ST\STM32F10x" -I"D:\Projects\stm32-discovery-projects\STM32F10x_StdPeriph_Lib_V3.5.0\Libraries\STM32F10x_StdPeriph_Driver\inc" -O0 -g3 -Wall -c -mthumb -mcpu=cortex-m3 -mfix-cortex-m3-ldrd -MMD -MP -MF"STM32F10x_StdPeriph_Driver/stm32f10x_usart.d" -MT"STM32F10x_StdPeriph_Driver/stm32f10x_usart.d" -o"STM32F10x_StdPeriph_Driver/stm32f10x_usart.o" "D:/Projects/stm32-discovery-projects/STM32F10x_StdPeriph_Lib_V3.5.0/Libraries/STM32F10x_StdPeriph_Driver/src/stm32f10x_usart.c"
Finished building: D:/Projects/stm32-discovery-projects/STM32F10x_StdPeriph_Lib_V3.5.0/Libraries/STM32F10x_StdPeriph_Driver/src/stm32f10x_usart.c
 
Building file: D:/Projects/stm32-discovery-projects/STM32F10x_StdPeriph_Lib_V3.5.0/Libraries/STM32F10x_StdPeriph_Driver/src/stm32f10x_wwdg.c
Invoking: Cross GCC Compiler
arm-none-eabi-gcc -DSTM32F10X_MD_VL -DUSE_STDPERIPH_DRIVER -DUSE_STM32_DISCOVERY -I"D:\Projects\stm32-discovery-projects\workspace\template\src" -I"D:\Projects\stm32-discovery-projects\STM32F10x_StdPeriph_Lib_V3.5.0\Libraries\CMSIS\CM3\CoreSupport" -I"D:\Projects\stm32-discovery-projects\STM32F10x_StdPeriph_Lib_V3.5.0\Libraries\CMSIS\CM3\DeviceSupport\ST\STM32F10x" -I"D:\Projects\stm32-discovery-projects\STM32F10x_StdPeriph_Lib_V3.5.0\Libraries\STM32F10x_StdPeriph_Driver\inc" -O0 -g3 -Wall -c -mthumb -mcpu=cortex-m3 -mfix-cortex-m3-ldrd -MMD -MP -MF"STM32F10x_StdPeriph_Driver/stm32f10x_wwdg.d" -MT"STM32F10x_StdPeriph_Driver/stm32f10x_wwdg.d" -o"STM32F10x_StdPeriph_Driver/stm32f10x_wwdg.o" "D:/Projects/stm32-discovery-projects/STM32F10x_StdPeriph_Lib_V3.5.0/Libraries/STM32F10x_StdPeriph_Driver/src/stm32f10x_wwdg.c"
Finished building: D:/Projects/stm32-discovery-projects/STM32F10x_StdPeriph_Lib_V3.5.0/Libraries/STM32F10x_StdPeriph_Driver/src/stm32f10x_wwdg.c
 
Building file: D:/Projects/stm32-discovery-projects/STM32F10x_StdPeriph_Lib_V3.5.0/Libraries/CMSIS/CM3/DeviceSupport/ST/STM32F10x/system_stm32f10x.c
Invoking: Cross GCC Compiler
arm-none-eabi-gcc -DSTM32F10X_MD_VL -DUSE_STDPERIPH_DRIVER -DUSE_STM32_DISCOVERY -I"D:\Projects\stm32-discovery-projects\workspace\template\src" -I"D:\Projects\stm32-discovery-projects\STM32F10x_StdPeriph_Lib_V3.5.0\Libraries\CMSIS\CM3\CoreSupport" -I"D:\Projects\stm32-discovery-projects\STM32F10x_StdPeriph_Lib_V3.5.0\Libraries\CMSIS\CM3\DeviceSupport\ST\STM32F10x" -I"D:\Projects\stm32-discovery-projects\STM32F10x_StdPeriph_Lib_V3.5.0\Libraries\STM32F10x_StdPeriph_Driver\inc" -O0 -g3 -Wall -c -mthumb -mcpu=cortex-m3 -mfix-cortex-m3-ldrd -MMD -MP -MF"STM32F10x/system_stm32f10x.d" -MT"STM32F10x/system_stm32f10x.d" -o"STM32F10x/system_stm32f10x.o" "D:/Projects/stm32-discovery-projects/STM32F10x_StdPeriph_Lib_V3.5.0/Libraries/CMSIS/CM3/DeviceSupport/ST/STM32F10x/system_stm32f10x.c"
Finished building: D:/Projects/stm32-discovery-projects/STM32F10x_StdPeriph_Lib_V3.5.0/Libraries/CMSIS/CM3/DeviceSupport/ST/STM32F10x/system_stm32f10x.c
 
Building file: D:/Projects/stm32-discovery-projects/STM32F10x_StdPeriph_Lib_V3.5.0/Libraries/CMSIS/CM3/CoreSupport/core_cm3.c
Invoking: Cross GCC Compiler
arm-none-eabi-gcc -DSTM32F10X_MD_VL -DUSE_STDPERIPH_DRIVER -DUSE_STM32_DISCOVERY -I"D:\Projects\stm32-discovery-projects\workspace\template\src" -I"D:\Projects\stm32-discovery-projects\STM32F10x_StdPeriph_Lib_V3.5.0\Libraries\CMSIS\CM3\CoreSupport" -I"D:\Projects\stm32-discovery-projects\STM32F10x_StdPeriph_Lib_V3.5.0\Libraries\CMSIS\CM3\DeviceSupport\ST\STM32F10x" -I"D:\Projects\stm32-discovery-projects\STM32F10x_StdPeriph_Lib_V3.5.0\Libraries\STM32F10x_StdPeriph_Driver\inc" -O0 -g3 -Wall -c -mthumb -mcpu=cortex-m3 -mfix-cortex-m3-ldrd -MMD -MP -MF"CoreSupport/core_cm3.d" -MT"CoreSupport/core_cm3.d" -o"CoreSupport/core_cm3.o" "D:/Projects/stm32-discovery-projects/STM32F10x_StdPeriph_Lib_V3.5.0/Libraries/CMSIS/CM3/CoreSupport/core_cm3.c"
Finished building: D:/Projects/stm32-discovery-projects/STM32F10x_StdPeriph_Lib_V3.5.0/Libraries/CMSIS/CM3/CoreSupport/core_cm3.c
 
Building target: template
Invoking: Cross G++ Linker
arm-none-eabi-g++ -T "D:/Projects/stm32-discovery-projects/workspace/template\startup_src\stm32_flash.ld" -mthumb -mcpu=cortex-m3 -mfix-cortex-m3-ldrd -Wl,-Map=linker.map -Wl,-cref  -Wl,--gc-sections -o"template"  ./startup_src/startup_stm32f10x_md_vl.o  ./src/STM32vldiscovery.o ./src/main.o ./src/stm32f10x_it.o  ./STM32F10x_StdPeriph_Driver/misc.o ./STM32F10x_StdPeriph_Driver/stm32f10x_adc.o ./STM32F10x_StdPeriph_Driver/stm32f10x_bkp.o ./STM32F10x_StdPeriph_Driver/stm32f10x_can.o ./STM32F10x_StdPeriph_Driver/stm32f10x_cec.o ./STM32F10x_StdPeriph_Driver/stm32f10x_crc.o ./STM32F10x_StdPeriph_Driver/stm32f10x_dac.o ./STM32F10x_StdPeriph_Driver/stm32f10x_dbgmcu.o ./STM32F10x_StdPeriph_Driver/stm32f10x_dma.o ./STM32F10x_StdPeriph_Driver/stm32f10x_exti.o ./STM32F10x_StdPeriph_Driver/stm32f10x_flash.o ./STM32F10x_StdPeriph_Driver/stm32f10x_fsmc.o ./STM32F10x_StdPeriph_Driver/stm32f10x_gpio.o ./STM32F10x_StdPeriph_Driver/stm32f10x_i2c.o ./STM32F10x_StdPeriph_Driver/stm32f10x_iwdg.o ./STM32F10x_StdPeriph_Driver/stm32f10x_pwr.o ./STM32F10x_StdPeriph_Driver/stm32f10x_rcc.o ./STM32F10x_StdPeriph_Driver/stm32f10x_rtc.o ./STM32F10x_StdPeriph_Driver/stm32f10x_sdio.o ./STM32F10x_StdPeriph_Driver/stm32f10x_spi.o ./STM32F10x_StdPeriph_Driver/stm32f10x_tim.o ./STM32F10x_StdPeriph_Driver/stm32f10x_usart.o ./STM32F10x_StdPeriph_Driver/stm32f10x_wwdg.o  ./STM32F10x/system_stm32f10x.o  ./CoreSupport/core_cm3.o   
Finished building target: template
 
"make" --no-print-directory post-build
Binary Creation
arm-none-eabi-objcopy -S  -O binary  "template" "template.bin"
 
